Registering primitive-0.6...
s\Eric\dequeue-0.1.5\.cabal-sandbox\x86_64-windows-ghc-7.10.1\primi_4EFP5cvZDduIYCPc8lT1lV
ata\Primitive\Internal\Compat.hs, dist\dist-sandbox-2987f097\build\Data\Primitive\Internal\Compat.o )
[ 2 of 10] Compiling Data.Primitive.MachDeps ( Data\Primitive\MachDeps.hs, dist\dist-sandbox-2987f097\build\Data\Primitive\MachDeps.o )
[ 3 of 10] Compiling Data.Primitive.Internal.Operations ( Data\Primitive\Internal\Operations.hs, dist\dist-sandbox-2987f097\build\Data\Primitive\Internal\Operations.o )
[ 4 of 10] Compiling Control.Monad.Primitive ( Control\Monad\Primitive.hs, dist\dist-sandbox-2987f097\build\Control\Monad\Primitive.o )

Control\Monad\Primitive.hs:34:1: Warning:
    The import of `Data.Monoid' is redundant
      except perhaps to import instances from `Data.Monoid'
    To import instances alone, use: import Data.Monoid()

Control\Monad\Primitive.hs:39:1: Warning:
    Module `Control.Monad.Trans.Error' is deprecated:
      Use Control.Monad.Trans.Except instead

Control\Monad\Primitive.hs:98:11: Warning:
    In the use of type constructor or class `Error'
    (imported from Control.Monad.Trans.Error):
    Deprecated: "Use Control.Monad.Trans.Except instead"

Control\Monad\Primitive.hs:98:47: Warning:
    In the use of type constructor or class `ErrorT'
    (imported from Control.Monad.Trans.Error):
    Deprecated: "Use Control.Monad.Trans.Except instead"

Control\Monad\Primitive.hs:99:19: Warning:
    In the use of type constructor or class `ErrorT'
    (imported from Control.Monad.Trans.Error):
    Deprecated: "Use Control.Monad.Trans.Except instead"
[ 5 of 10] Compiling Data.Primitive.Types ( Data\Primitive\Types.hs, dist\dist-sandbox-2987f097\build\Data\Primitive\Types.o )
[ 6 of 10] Compiling Data.Primitive.Array ( Data\Primitive\Array.hs, dist\dist-sandbox-2987f097\build\Data\Primitive\Array.o )
[ 7 of 10] Compiling Data.Primitive.ByteArray ( Data\Primitive\ByteArray.hs, dist\dist-sandbox-2987f097\build\Data\Primitive\ByteArray.o )
[ 8 of 10] Compiling Data.Primitive.Addr ( Data\Primitive\Addr.hs, dist\dist-sandbox-2987f097\build\Data\Primitive\Addr.o )
[ 9 of 10] Compiling Data.Primitive   ( Data\Primitive.hs, dist\dist-sandbox-2987f097\build\Data\Primitive.o )
[10 of 10] Compiling Data.Primitive.MutVar ( Data\Primitive\MutVar.hs, dist\dist-sandbox-2987f097\build\Data\Primitive\MutVar.o )
In-place registering primitive-0.6...
